{
  "RSpec": {
    "coverage": {
      "/Users/patrickwhardy/Turing/3module/projects/rails_engine/app/helpers/application_helper.rb": [
        1,
        null
      ],
      "/Users/patrickwhardy/Turing/3module/projects/rails_engine/app/models/customer.rb": [
        1,
        1,
        1,
        1,
        null,
        1,
        null,
        1,
        1,
        null,
        null,
        1,
        1,
        1,
        null,
        null
      ],
      "/Users/patrickwhardy/Turing/3module/projects/rails_engine/app/models/invoice_item.rb": [
        1,
        1,
        1,
        null,
        1,
        null
      ],
      "/Users/patrickwhardy/Turing/3module/projects/rails_engine/app/models/invoice.rb": [
        1,
        1,
        1,
        1,
        1,
        1,
        null,
        1,
        null,
        1,
        5,
        null,
        null,
        1,
        1,
        null,
        null
      ],
      "/Users/patrickwhardy/Turing/3module/projects/rails_engine/app/models/item.rb": [
        1,
        1,
        1,
        1,
        null,
        1,
        null,
        1,
        1,
        null,
        null,
        1,
        2,
        2,
        null,
        null,
        1,
        null,
        null,
        null
      ],
      "/Users/patrickwhardy/Turing/3module/projects/rails_engine/app/models/merchant.rb": [
        1,
        1,
        1,
        1,
        1,
        1,
        null,
        1,
        null,
        1,
        1,
        null,
        null,
        1,
        1,
        1,
        null,
        null,
        1,
        3,
        1,
        null,
        2,
        null,
        null,
        null,
        1,
        1,
        1,
        null,
        null,
        1,
        1,
        null,
        null
      ],
      "/Users/patrickwhardy/Turing/3module/projects/rails_engine/app/models/transaction.rb": [
        1,
        1,
        null,
        1,
        null
      ],
      "/Users/patrickwhardy/Turing/3module/projects/rails_engine/app/controllers/api/v1/customers_favorite_merchants_controller.rb": [
        1,
        1,
        1,
        null,
        null
      ],
      "/Users/patrickwhardy/Turing/3module/projects/rails_engine/app/controllers/api/base_controller.rb": [
        1,
        1,
        null
      ],
      "/Users/patrickwhardy/Turing/3module/projects/rails_engine/app/controllers/application_controller.rb": [
        1,
        null,
        1,
        1,
        1,
        null,
        null,
        null,
        1,
        null
      ],
      "/Users/patrickwhardy/Turing/3module/projects/rails_engine/lib/application_responder.rb": [
        1,
        1,
        1,
        null,
        null,
        null,
        null,
        null
      ],
      "/Users/patrickwhardy/Turing/3module/projects/rails_engine/app/serializers/merchant_serializer.rb": [
        1,
        1,
        null
      ],
      "/Users/patrickwhardy/Turing/3module/projects/rails_engine/app/controllers/api/v1/items_best_days_controller.rb": [
        1,
        1,
        1,
        null,
        null
      ],
      "/Users/patrickwhardy/Turing/3module/projects/rails_engine/app/serializers/item_best_day_serializer.rb": [
        1,
        1,
        null,
        1,
        1,
        null,
        null
      ],
      "/Users/patrickwhardy/Turing/3module/projects/rails_engine/app/controllers/api/v1/items_most_items_controller.rb": [
        1,
        1,
        2,
        null,
        null
      ],
      "/Users/patrickwhardy/Turing/3module/projects/rails_engine/app/serializers/item_serializer.rb": [
        1,
        1,
        null,
        null,
        1,
        32,
        null,
        null
      ],
      "/Users/patrickwhardy/Turing/3module/projects/rails_engine/app/controllers/api/v1/merchants_revenues_controller.rb": [
        1,
        1,
        3,
        null,
        null
      ],
      "/Users/patrickwhardy/Turing/3module/projects/rails_engine/app/serializers/merchant_revenue_serializer.rb": [
        1,
        1,
        null,
        1,
        3,
        null,
        null
      ],
      "/Users/patrickwhardy/Turing/3module/projects/rails_engine/app/controllers/api/v1/merchants_pending_invoices_customers_controller.rb": [
        1,
        1,
        1,
        null,
        null
      ],
      "/Users/patrickwhardy/Turing/3module/projects/rails_engine/app/serializers/customer_serializer.rb": [
        1,
        1,
        null
      ],
      "/Users/patrickwhardy/Turing/3module/projects/rails_engine/app/controllers/api/v1/merchants_favorite_customers_controller.rb": [
        1,
        1,
        1,
        null,
        null
      ],
      "/Users/patrickwhardy/Turing/3module/projects/rails_engine/app/controllers/api/v1/merchants_total_revenues_controller.rb": [
        1,
        1,
        1,
        null,
        null
      ],
      "/Users/patrickwhardy/Turing/3module/projects/rails_engine/app/serializers/total_revenue_serializer.rb": [
        1,
        1,
        null,
        1,
        1,
        null,
        null
      ],
      "/Users/patrickwhardy/Turing/3module/projects/rails_engine/app/controllers/api/v1/customers_finder_controller.rb": [
        1,
        null,
        1,
        7,
        2,
        5,
        2,
        null,
        3,
        null,
        null,
        null,
        1,
        5,
        1,
        4,
        1,
        null,
        3,
        null,
        null,
        null,
        1,
        null,
        1,
        6,
        null,
        null,
        null
      ],
      "/Users/patrickwhardy/Turing/3module/projects/rails_engine/app/controllers/api/v1/customers_controller.rb": [
        1,
        1,
        1,
        null,
        null,
        1,
        1,
        null,
        null
      ],
      "/Users/patrickwhardy/Turing/3module/projects/rails_engine/app/controllers/api/v1/customers_random_controller.rb": [
        1,
        1,
        1,
        null,
        null
      ],
      "/Users/patrickwhardy/Turing/3module/projects/rails_engine/app/controllers/api/v1/invoices_finder_controller.rb": [
        1,
        1,
        6,
        1,
        null,
        5,
        null,
        null,
        null,
        1,
        6,
        1,
        null,
        5,
        null,
        null,
        null,
        1,
        null,
        1,
        10,
        null,
        null,
        null
      ],
      "/Users/patrickwhardy/Turing/3module/projects/rails_engine/app/serializers/invoice_serializer.rb": [
        1,
        1,
        null
      ],
      "/Users/patrickwhardy/Turing/3module/projects/rails_engine/app/controllers/api/v1/invoices_controller.rb": [
        1,
        1,
        1,
        null,
        null,
        1,
        1,
        null,
        null
      ],
      "/Users/patrickwhardy/Turing/3module/projects/rails_engine/app/controllers/api/v1/invoice_items_finder_controller.rb": [
        1,
        1,
        7,
        null,
        null,
        1,
        7,
        null,
        null,
        1,
        null,
        1,
        2,
        null,
        null,
        1,
        14,
        14,
        null,
        null
      ],
      "/Users/patrickwhardy/Turing/3module/projects/rails_engine/app/serializers/invoice_item_serializer.rb": [
        1,
        1,
        null,
        1,
        27,
        null,
        null
      ],
      "/Users/patrickwhardy/Turing/3module/projects/rails_engine/app/controllers/api/v1/invoice_items_controller.rb": [
        1,
        1,
        1,
        null,
        null,
        1,
        1,
        null,
        null
      ],
      "/Users/patrickwhardy/Turing/3module/projects/rails_engine/app/controllers/api/v1/invoice_items_random_controller.rb": [
        1,
        1,
        1,
        null,
        null
      ],
      "/Users/patrickwhardy/Turing/3module/projects/rails_engine/app/controllers/api/v1/invoices_random_controller.rb": [
        1,
        1,
        1,
        null,
        null
      ],
      "/Users/patrickwhardy/Turing/3module/projects/rails_engine/app/controllers/api/v1/items_finder_controller.rb": [
        1,
        null,
        1,
        7,
        1,
        6,
        1,
        null,
        5,
        null,
        null,
        null,
        1,
        7,
        1,
        6,
        1,
        null,
        5,
        null,
        null,
        null,
        1,
        null,
        1,
        2,
        null,
        null,
        1,
        10,
        10,
        null,
        null
      ],
      "/Users/patrickwhardy/Turing/3module/projects/rails_engine/app/controllers/api/v1/items_controller.rb": [
        1,
        1,
        1,
        null,
        null,
        1,
        1,
        null,
        null
      ],
      "/Users/patrickwhardy/Turing/3module/projects/rails_engine/app/controllers/api/v1/items_random_controller.rb": [
        1,
        1,
        1,
        null,
        null
      ],
      "/Users/patrickwhardy/Turing/3module/projects/rails_engine/app/controllers/api/v1/merchants_finder_controller.rb": [
        1,
        null,
        1,
        5,
        2,
        null,
        3,
        null,
        null,
        null,
        1,
        4,
        1,
        null,
        3,
        null,
        null,
        null,
        1,
        null,
        1,
        6,
        null,
        null
      ],
      "/Users/patrickwhardy/Turing/3module/projects/rails_engine/app/controllers/api/v1/merchants_controller.rb": [
        1,
        1,
        1,
        null,
        null,
        1,
        1,
        null,
        null
      ],
      "/Users/patrickwhardy/Turing/3module/projects/rails_engine/app/controllers/api/v1/merchants_random_controller.rb": [
        1,
        1,
        1,
        null,
        null
      ],
      "/Users/patrickwhardy/Turing/3module/projects/rails_engine/app/controllers/api/v1/transactions_finder_controller.rb": [
        1,
        null,
        1,
        11,
        1,
        null,
        10,
        null,
        null,
        null,
        1,
        5,
        1,
        null,
        4,
        null,
        null,
        null,
        1,
        null,
        1,
        14,
        null,
        null
      ],
      "/Users/patrickwhardy/Turing/3module/projects/rails_engine/app/serializers/transaction_serializer.rb": [
        1,
        1,
        null
      ],
      "/Users/patrickwhardy/Turing/3module/projects/rails_engine/app/controllers/api/v1/transactions_controller.rb": [
        1,
        1,
        1,
        null,
        null,
        1,
        1,
        null,
        null
      ],
      "/Users/patrickwhardy/Turing/3module/projects/rails_engine/app/controllers/api/v1/transactions_random_controller.rb": [
        1,
        1,
        1,
        null,
        null
      ],
      "/Users/patrickwhardy/Turing/3module/projects/rails_engine/app/controllers/api/v1/customers_invoices_controller.rb": [
        1,
        1,
        1,
        null,
        null
      ],
      "/Users/patrickwhardy/Turing/3module/projects/rails_engine/app/controllers/api/v1/customers_transactions_controller.rb": [
        1,
        1,
        1,
        null,
        null
      ],
      "/Users/patrickwhardy/Turing/3module/projects/rails_engine/app/controllers/api/v1/invoice_items_invoices_controller.rb": [
        1,
        1,
        1,
        null,
        null
      ],
      "/Users/patrickwhardy/Turing/3module/projects/rails_engine/app/controllers/api/v1/invoice_items_items_controller.rb": [
        1,
        1,
        1,
        null,
        null
      ],
      "/Users/patrickwhardy/Turing/3module/projects/rails_engine/app/controllers/api/v1/invoices_customers_controller.rb": [
        1,
        1,
        1,
        null,
        null
      ],
      "/Users/patrickwhardy/Turing/3module/projects/rails_engine/app/controllers/api/v1/invoices_invoice_items_controller.rb": [
        1,
        1,
        1,
        null,
        null
      ],
      "/Users/patrickwhardy/Turing/3module/projects/rails_engine/app/controllers/api/v1/invoices_items_controller.rb": [
        1,
        1,
        1,
        null,
        null
      ],
      "/Users/patrickwhardy/Turing/3module/projects/rails_engine/app/controllers/api/v1/invoices_merchants_controller.rb": [
        1,
        1,
        1,
        null,
        null
      ],
      "/Users/patrickwhardy/Turing/3module/projects/rails_engine/app/controllers/api/v1/invoices_transactions_controller.rb": [
        1,
        1,
        1,
        null,
        null
      ],
      "/Users/patrickwhardy/Turing/3module/projects/rails_engine/app/controllers/api/v1/items_invoice_items_controller.rb": [
        1,
        1,
        1,
        null,
        null
      ],
      "/Users/patrickwhardy/Turing/3module/projects/rails_engine/app/controllers/api/v1/items_merchants_controller.rb": [
        1,
        1,
        1,
        null,
        null
      ],
      "/Users/patrickwhardy/Turing/3module/projects/rails_engine/app/controllers/api/v1/merchants_invoices_controller.rb": [
        1,
        1,
        1,
        null,
        null
      ],
      "/Users/patrickwhardy/Turing/3module/projects/rails_engine/app/controllers/api/v1/merchants_items_controller.rb": [
        1,
        1,
        1,
        null,
        null
      ],
      "/Users/patrickwhardy/Turing/3module/projects/rails_engine/app/controllers/api/v1/transactions_invoices_controller.rb": [
        1,
        1,
        1,
        null,
        null
      ]
    },
    "timestamp": 1464923079
  }
}
