{
  "RSpec": {
    "coverage": {
      "/Users/patrickwhardy/Turing/3module/projects/rails_engine/app/helpers/application_helper.rb": [
        1,
        null
      ],
      "/Users/patrickwhardy/Turing/3module/projects/rails_engine/app/models/customer.rb": [
        1,
        1,
        1,
        1,
        null,
        1,
        null
      ],
      "/Users/patrickwhardy/Turing/3module/projects/rails_engine/app/models/invoice_item.rb": [
        1,
        1,
        1,
        null,
        1,
        null
      ],
      "/Users/patrickwhardy/Turing/3module/projects/rails_engine/app/models/invoice.rb": [
        1,
        1,
        1,
        1,
        1,
        1,
        null,
        1,
        null
      ],
      "/Users/patrickwhardy/Turing/3module/projects/rails_engine/app/models/item.rb": [
        1,
        1,
        1,
        1,
        null,
        1,
        null
      ],
      "/Users/patrickwhardy/Turing/3module/projects/rails_engine/app/models/merchant.rb": [
        1,
        1,
        1,
        1,
        1,
        1,
        null,
        1,
        null
      ],
      "/Users/patrickwhardy/Turing/3module/projects/rails_engine/app/models/transaction.rb": [
        1,
        1,
        null,
        1,
        null
      ],
      "/Users/patrickwhardy/Turing/3module/projects/rails_engine/app/controllers/api/v1/customers_finder_controller.rb": [
        1,
        null,
        1,
        7,
        2,
        5,
        2,
        null,
        3,
        null,
        null,
        null,
        1,
        5,
        1,
        4,
        1,
        null,
        3,
        null,
        null,
        null,
        1,
        null,
        1,
        6,
        null,
        null,
        null
      ],
      "/Users/patrickwhardy/Turing/3module/projects/rails_engine/app/controllers/api/base_controller.rb": [
        1,
        1,
        null
      ],
      "/Users/patrickwhardy/Turing/3module/projects/rails_engine/app/controllers/application_controller.rb": [
        1,
        null,
        1,
        1,
        1,
        null,
        null,
        null,
        1,
        null
      ],
      "/Users/patrickwhardy/Turing/3module/projects/rails_engine/lib/application_responder.rb": [
        1,
        1,
        1,
        null,
        null,
        null,
        null,
        null
      ],
      "/Users/patrickwhardy/Turing/3module/projects/rails_engine/app/controllers/api/v1/customers_controller.rb": [
        1,
        1,
        1,
        null,
        null,
        1,
        1,
        null,
        null
      ],
      "/Users/patrickwhardy/Turing/3module/projects/rails_engine/app/controllers/api/v1/invoices_controller.rb": [
        1,
        1,
        1,
        null,
        null,
        1,
        1,
        null,
        null
      ],
      "/Users/patrickwhardy/Turing/3module/projects/rails_engine/app/controllers/api/v1/invoice_items_controller.rb": [
        1,
        1,
        1,
        null,
        null,
        1,
        1,
        null,
        null
      ],
      "/Users/patrickwhardy/Turing/3module/projects/rails_engine/app/serializers/invoice_item_serializer.rb": [
        1,
        1,
        null,
        1,
        3,
        null,
        null
      ],
      "/Users/patrickwhardy/Turing/3module/projects/rails_engine/app/controllers/api/v1/items_controller.rb": [
        1,
        1,
        1,
        null,
        null,
        1,
        1,
        null,
        null
      ],
      "/Users/patrickwhardy/Turing/3module/projects/rails_engine/app/serializers/item_serializer.rb": [
        1,
        1,
        null,
        null,
        1,
        3,
        null,
        null
      ],
      "/Users/patrickwhardy/Turing/3module/projects/rails_engine/app/controllers/api/v1/merchants_controller.rb": [
        1,
        1,
        1,
        null,
        null,
        1,
        1,
        null,
        null
      ],
      "/Users/patrickwhardy/Turing/3module/projects/rails_engine/app/controllers/api/v1/transactions_controller.rb": [
        1,
        1,
        1,
        null,
        null,
        1,
        1,
        null,
        null
      ],
      "/Users/patrickwhardy/Turing/3module/projects/rails_engine/app/controllers/api/finder_controller.rb": [
        0,
        0,
        0,
        0,
        0,
        0,
        0,
        0,
        0,
        0,
        0,
        0,
        0,
        0,
        0,
        0,
        0,
        0,
        0,
        0,
        0,
        0,
        0,
        0,
        0,
        0,
        0,
        0
      ]
    },
    "timestamp": 1464813956
  }
}
